\BOOKMARK [0][-]{chapter*.5}{Table des mati\350res}{}% 1
\BOOKMARK [0][-]{chapter*.6}{Table des figures}{}% 2
\BOOKMARK [0][-]{chapter*.7}{Liste des tableaux}{}% 3
\BOOKMARK [-1][-]{chapter*.7}{Introduction G\351n\351rale}{}% 4
\BOOKMARK [-1][-]{part.1}{I Contexte de travail}{}% 5
\BOOKMARK [0][-]{chapter.1}{S\351curit\351 informatique et Cybers\351curit\351}{part.1}% 6
\BOOKMARK [1][-]{section.1.1}{Introduction}{chapter.1}% 7
\BOOKMARK [1][-]{section.1.2}{Les objectifs de s\351curit\351 informatique }{chapter.1}% 8
\BOOKMARK [1][-]{section.1.3}{Application de la s\351curit\351 informatique : }{chapter.1}% 9
\BOOKMARK [1][-]{section.1.4}{Les types de menaces et d\220attaques : }{chapter.1}% 10
\BOOKMARK [1][-]{section.1.5}{Les services et m\351canismes de s\351curit\351 : }{chapter.1}% 11
\BOOKMARK [1][-]{section.1.6}{Conclusion : }{chapter.1}% 12
\BOOKMARK [0][-]{chapter.2}{Internet des objets}{part.1}% 13
\BOOKMARK [1][-]{section.2.1}{Introduction}{chapter.2}% 14
\BOOKMARK [1][-]{section.2.2}{Historique}{chapter.2}% 15
\BOOKMARK [1][-]{section.2.3}{D\351finition}{chapter.2}% 16
\BOOKMARK [1][-]{section.2.4}{Caract\351ristiques}{chapter.2}% 17
\BOOKMARK [1][-]{section.2.5}{Architecture de l\220IoT}{chapter.2}% 18
\BOOKMARK [1][-]{section.2.6}{Domaines d\220application}{chapter.2}% 19
\BOOKMARK [1][-]{section.2.7}{Enjeux et d\351fis de l\220IoT}{chapter.2}% 20
\BOOKMARK [1][-]{section.2.8}{S\351curit\351, confidentialit\351 \(privacy\) en IoT}{chapter.2}% 21
\BOOKMARK [1][-]{section.2.9}{Conclusion}{chapter.2}% 22
\BOOKMARK [-1][-]{part.2}{II Contributions}{}% 23
\BOOKMARK [0][-]{chapter.3}{Deep Learning : les R\351seaux de Neurones}{part.2}% 24
\BOOKMARK [1][-]{section.3.1}{Introduction}{chapter.3}% 25
\BOOKMARK [1][-]{section.3.2}{Historique}{chapter.3}% 26
\BOOKMARK [1][-]{section.3.3}{D\351finition}{chapter.3}% 27
\BOOKMARK [1][-]{section.3.4}{Caract\351ristiques}{chapter.3}% 28
\BOOKMARK [-1][-]{section.3.4}{Bibliographie}{}% 29
